<?xml version="1.0" encoding="utf-8"?>
<shfbBuild product="Sandcastle Help File Builder and Tools" version="2017.5.15.0" projectFile="C:\Users\Realignist\Desktop\고니\Rdotnet.shfbproj" started="2017-10-18 오후 5:34:39">
<buildStep step="Initializing">
Finding tools...
The Sandcastle tools are located in &#39;C:\Program Files (x86)\EWSoftware\Sandcastle Help File Builder\&#39;
Locating components in the following folder(s):
    C:\Users\Realignist\Desktop\고니
    C:\ProgramData\EWSoftware\Sandcastle Help File Builder\Components and Plug-Ins\
    C:\Program Files (x86)\EWSoftware\Sandcastle Help File Builder\
Using framework reflection data for &#39;.NET Framework 4.5&#39; located in &#39;C:\Program Files (x86)\EWSoftware\Sandcastle Help File Builder\Data\.NETFramework&#39;
Using presentation style &#39;VS2013&#39; located in &#39;C:\Program Files (x86)\EWSoftware\Sandcastle Help File Builder\PresentationStyles\VS2013&#39;
Loading and initializing plug-ins...
Lightweight Website Style Version 2017.5.15.0
Copyright &#169; 2006-2017, Eric Woodruff, All Rights Reserved
Portions Copyright &#169; 2014, Sam Harwell, All Rights Reserved
-------------------------------
Clearing any prior web/markdown output...
</buildStep>
<buildStep step="ValidatingDocumentationSources">
Validating and copying documentation source information
Source: C:\Users\Realignist\Desktop\고니\RDotNet.NativeLibrary.dll
    Found assembly &#39;C:\Users\Realignist\Desktop\고니\RDotNet.NativeLibrary.dll&#39;
Source: C:\Users\Realignist\Desktop\고니\RDotNet.dll
    Found assembly &#39;C:\Users\Realignist\Desktop\고니\RDotNet.dll&#39;
Source: C:\Users\Realignist\Desktop\고니\RDotNet.NativeLibrary.XML
Source: C:\Users\Realignist\Desktop\고니\RDotNet.XML

Copying XML comments files
    C:\Users\Realignist\Desktop\고니\RDotNet.NativeLibrary.XML -&gt; C:\Users\Realignist\Desktop\고니\Help\Working\RDotNet.NativeLibrary.XML
    C:\Users\Realignist\Desktop\고니\RDotNet.XML -&gt; C:\Users\Realignist\Desktop\고니\Help\Working\RDotNet.XML
</buildStep>
<buildStep step="GenerateSharedContent">
Generating shared content files (en-US, 영어(미국))...
<plugIn name="Lightweight Website Style" behavior="After" priority="1000">
</plugIn>    Last step completed in 00:00:00.0075
</buildStep>
<buildStep step="GenerateApiFilter">
Generating API filter for MRefBuilder...
    Last step completed in 00:00:00.0130
</buildStep>
<buildStep step="GenerateReflectionInfo">
Generating reflection information...
[C:\Program Files (x86)\MSBuild\14.0\bin\amd64\MSBuild.exe - GenerateRefInfo.proj]
빌드 시작: 2017-10-18 오후 5:34:39
1 노드의 &quot;C:\Users\Realignist\Desktop\고니\Help\Working\GenerateRefInfo.proj&quot; 프로젝트(기본 대상)입니다.
PrepareForBuild:
  &quot;obj\Debug\&quot; 디렉터리를 만들고 있습니다.
GenerateRefInfo:
  MRefBuilder (v2017.5.15.0)
  Copyright ⓒ 2006-2017, Microsoft Corporation, All Rights Reserved.
  Portions Copyright ⓒ 2006-2016, Eric Woodruff, All Rights Reserved.
  No source code context base path specified.  Source context information is unavailable.
  Loaded 2 assemblies for reflection and 1 dependency assemblies.
  Wrote information on 7 namespaces, 59 types, and 514 members
  &quot;reflection.org&quot;에서 &quot;reflection.all&quot;(으)로 파일을 복사하고 있습니다.
  XslTransform (v2017.5.15.0)
  Copyright ⓒ 2006-2017, Microsoft Corporation, All Rights Reserved.
  Portions Copyright ⓒ 2006-2016, Eric Woodruff, All Rights Reserved.
  Applying XSL transformation &#39;C:\Program Files (x86)\EWSoftware\Sandcastle Help File Builder\ProductionTransforms\MergeDuplicates.xsl&#39;.
&quot;C:\Users\Realignist\Desktop\고니\Help\Working\GenerateRefInfo.proj&quot; 프로젝트를 빌드했습니다(기본 대상).

빌드했습니다.

경과 시간: 00:00:01.80
    Last step completed in 00:00:02.2404
</buildStep>
<buildStep step="TransformReflectionInfo">
Transforming reflection output...
[C:\Program Files (x86)\MSBuild\14.0\bin\amd64\MSBuild.exe - TransformManifest.proj]
빌드 시작: 2017-10-18 오후 5:34:42
1 노드의 &quot;C:\Users\Realignist\Desktop\고니\Help\Working\TransformManifest.proj&quot; 프로젝트(기본 대상)입니다.
TransformManifest:
  XslTransform (v2017.5.15.0)
  Copyright ⓒ 2006-2017, Microsoft Corporation, All Rights Reserved.
  Portions Copyright ⓒ 2006-2016, Eric Woodruff, All Rights Reserved.
  Applying XSL transformation &#39;C:\Program Files (x86)\EWSoftware\Sandcastle Help File Builder\\ProductionTransforms\ApplyVSDocModel.xsl&#39;.
  &quot;reflection.xml&quot;에서 &quot;reflection.nofilenames&quot;(으)로 파일을 복사하고 있습니다.
  XslTransform (v2017.5.15.0)
  Copyright ⓒ 2006-2017, Microsoft Corporation, All Rights Reserved.
  Portions Copyright ⓒ 2006-2016, Eric Woodruff, All Rights Reserved.
  Applying XSL transformation &#39;C:\Program Files (x86)\EWSoftware\Sandcastle Help File Builder\ProductionTransforms\AddFilenames.xsl&#39;.
  XslTransform (v2017.5.15.0)
  Copyright ⓒ 2006-2017, Microsoft Corporation, All Rights Reserved.
  Portions Copyright ⓒ 2006-2016, Eric Woodruff, All Rights Reserved.
  Applying XSL transformation &#39;C:\Program Files (x86)\EWSoftware\Sandcastle Help File Builder\ProductionTransforms\ReflectionToManifest.xsl&#39;.
&quot;C:\Users\Realignist\Desktop\고니\Help\Working\TransformManifest.proj&quot; 프로젝트를 빌드했습니다(기본 대상).

빌드했습니다.

경과 시간: 00:00:01.75
    Last step completed in 00:00:02.1167
</buildStep>
<buildStep step="GenerateNamespaceSummaries">
Generating namespace summary information...
    Last step completed in 00:00:00.0451
</buildStep>
<buildStep step="CopyAdditionalContent">
Copying additional content files...
No additional content to copy
    Last step completed in 00:00:00.0000
</buildStep>
<buildStep step="MergeTablesOfContents">
Merging conceptual and additional tables of contents...
    Last step completed in 00:00:00.0000
</buildStep>
<buildStep step="GenerateIntermediateTableOfContents">
Generating intermediate table of contents file...
[C:\Program Files (x86)\MSBuild\14.0\bin\amd64\MSBuild.exe - GenerateIntermediateTOC.proj]
빌드 시작: 2017-10-18 오후 5:34:44
1 노드의 &quot;C:\Users\Realignist\Desktop\고니\Help\Working\GenerateIntermediateTOC.proj&quot; 프로젝트(기본 대상)입니다.
GenerateIntermediateTOC:
  XslTransform (v2017.5.15.0)
  Copyright ⓒ 2006-2017, Microsoft Corporation, All Rights Reserved.
  Portions Copyright ⓒ 2006-2016, Eric Woodruff, All Rights Reserved.
  Applying XSL transformation &#39;C:\Program Files (x86)\EWSoftware\Sandcastle Help File Builder\\ProductionTransforms\CreateVSToc.xsl&#39;.
&quot;C:\Users\Realignist\Desktop\고니\Help\Working\GenerateIntermediateTOC.proj&quot; 프로젝트를 빌드했습니다(기본 대상).

빌드했습니다.

경과 시간: 00:00:00.99
Generating conceptual content intermediate TOC file...
    Last step completed in 00:00:01.3909
</buildStep>
<buildStep step="CreateBuildAssemblerConfigs">
Creating Sandcastle configuration files...
    sandcastle.config
    Last step completed in 00:00:00.1193
</buildStep>
<buildStep step="MergeCustomConfigs">
Merging custom build component configurations
C:\Users\Realignist\Desktop\고니\Help\Working\sandcastle.config
  Updating reference topic configurations.
  No conceptual content.  Removing conceptual content components.
    Last step completed in 00:00:00.0010
</buildStep>
<buildStep step="BuildTopics">
Building help topics...
[C:\Program Files (x86)\MSBuild\14.0\bin\amd64\MSBuild.exe - BuildTopics.proj]
빌드 시작: 2017-10-18 오후 5:34:45
1 노드의 &quot;C:\Users\Realignist\Desktop\고니\Help\Working\BuildTopics.proj&quot; 프로젝트(기본 대상)입니다.
BuildTopics:
  BuildAssembler (v2017.5.15.0)
  Copyright ⓒ 2006-2017, Microsoft Corporation, All Rights Reserved.
  Portions Copyright ⓒ 2006-2016, Eric Woodruff, All Rights Reserved.
  Loading configuration...
  Processing topics...
BuildAssembler : warning : ResolveReferenceLinksComponent: [T:RDotNet.REngine] Unknown reference link target &#39;T:DynamicInterop.UnmanagedDll&#39;. [C:\Users\Realignist\Desktop\고니\Help\Working\BuildTopics.proj]
BuildAssembler : warning : ResolveReferenceLinksComponent: [T:RDotNet.REngine] Unknown reference link target &#39;P:DynamicInterop.UnmanagedDll.Filename&#39;. [C:\Users\Realignist\Desktop\고니\Help\Working\BuildTopics.proj]
BuildAssembler : warning : ResolveReferenceLinksComponent: [T:RDotNet.REngine] Unknown reference link target &#39;T:DynamicInterop.UnmanagedDll&#39;. [C:\Users\Realignist\Desktop\고니\Help\Working\BuildTopics.proj]
BuildAssembler : warning : ResolveReferenceLinksComponent: [T:RDotNet.REngine] Unknown reference link target &#39;M:DynamicInterop.UnmanagedDll.DangerousGetHandle(System.String)&#39;. [C:\Users\Realignist\Desktop\고니\Help\Working\BuildTopics.proj]
BuildAssembler : warning : ResolveReferenceLinksComponent: [T:RDotNet.REngine] Unknown reference link target &#39;T:DynamicInterop.UnmanagedDll&#39;. [C:\Users\Realignist\Desktop\고니\Help\Working\BuildTopics.proj]
BuildAssembler : warning : ResolveReferenceLinksComponent: [T:RDotNet.REngine] Unknown reference link target &#39;M:DynamicInterop.UnmanagedDll.Dispose&#39;. [C:\Users\Realignist\Desktop\고니\Help\Working\BuildTopics.proj]
BuildAssembler : warning : ResolveReferenceLinksComponent: [T:RDotNet.REngine] Unknown reference link target &#39;T:DynamicInterop.UnmanagedDll&#39;. [C:\Users\Realignist\Desktop\고니\Help\Working\BuildTopics.proj]
BuildAssembler : warning : ResolveReferenceLinksComponent: [T:RDotNet.REngine] Unknown reference link target &#39;M:DynamicInterop.UnmanagedDll.Dispose(System.Boolean)&#39;. [C:\Users\Realignist\Desktop\고니\Help\Working\BuildTopics.proj]
BuildAssembler : warning : ResolveReferenceLinksComponent: [T:RDotNet.REngine] Unknown reference link target &#39;M:DynamicInterop.UnmanagedDll.GetAnsiString(System.String)&#39;. [C:\Users\Realignist\Desktop\고니\Help\Working\BuildTopics.proj]
BuildAssembler : warning : ResolveReferenceLinksComponent: [T:RDotNet.REngine] Unknown reference link target &#39;T:DynamicInterop.UnmanagedDll&#39;. [C:\Users\Realignist\Desktop\고니\Help\Working\BuildTopics.proj]
BuildAssembler : warning : ResolveReferenceLinksComponent: [T:RDotNet.REngine] Unknown reference link target &#39;M:DynamicInterop.UnmanagedDll.GetByte(System.String)&#39;. [C:\Users\Realignist\Desktop\고니\Help\Working\BuildTopics.proj]
BuildAssembler : warning : ResolveReferenceLinksComponent: [T:RDotNet.REngine] Unknown reference link target &#39;T:DynamicInterop.UnmanagedDll&#39;. [C:\Users\Realignist\Desktop\고니\Help\Working\BuildTopics.proj]
BuildAssembler : warning : ResolveReferenceLinksComponent: [T:RDotNet.REngine] Unknown reference link target &#39;M:DynamicInterop.UnmanagedDll.GetFunction``1&#39;. [C:\Users\Realignist\Desktop\고니\Help\Working\BuildTopics.proj]
BuildAssembler : warning : ResolveReferenceLinksComponent: [T:RDotNet.REngine] Unknown reference link target &#39;T:DynamicInterop.UnmanagedDll&#39;. [C:\Users\Realignist\Desktop\고니\Help\Working\BuildTopics.proj]
BuildAssembler : warning : ResolveReferenceLinksComponent: [T:RDotNet.REngine] Unknown reference link target &#39;M:DynamicInterop.UnmanagedDll.GetFunction``1(System.String)&#39;. [C:\Users\Realignist\Desktop\고니\Help\Working\BuildTopics.proj]
BuildAssembler : warning : ResolveReferenceLinksComponent: [T:RDotNet.REngine] Unknown reference link target &#39;T:DynamicInterop.UnmanagedDll&#39;. [C:\Users\Realignist\Desktop\고니\Help\Working\BuildTopics.proj]
BuildAssembler : warning : ResolveReferenceLinksComponent: [T:RDotNet.REngine] Unknown reference link target &#39;M:DynamicInterop.UnmanagedDll.GetFunctionAddress(System.String)&#39;. [C:\Users\Realignist\Desktop\고니\Help\Working\BuildTopics.proj]
BuildAssembler : warning : ResolveReferenceLinksComponent: [T:RDotNet.REngine] Unknown reference link target &#39;T:DynamicInterop.UnmanagedDll&#39;. [C:\Users\Realignist\Desktop\고니\Help\Working\BuildTopics.proj]
BuildAssembler : warning : ResolveReferenceLinksComponent: [T:RDotNet.REngine] Unknown reference link target &#39;M:DynamicInterop.UnmanagedDll.GetInt32(System.String)&#39;. [C:\Users\Realignist\Desktop\고니\Help\Working\BuildTopics.proj]
BuildAssembler : warning : ResolveReferenceLinksComponent: [T:RDotNet.REngine] Unknown reference link target &#39;T:DynamicInterop.UnmanagedDll&#39;. [C:\Users\Realignist\Desktop\고니\Help\Working\BuildTopics.proj]
BuildAssembler : warning : ResolveReferenceLinksComponent: [T:RDotNet.REngine] Unknown reference link target &#39;M:DynamicInterop.UnmanagedDll.GetInt64(System.String)&#39;. [C:\Users\Realignist\Desktop\고니\Help\Working\BuildTopics.proj]
BuildAssembler : warning : ResolveReferenceLinksComponent: [T:RDotNet.REngine] Unknown reference link target &#39;T:DynamicInterop.UnmanagedDll&#39;. [C:\Users\Realignist\Desktop\고니\Help\Working\BuildTopics.proj]
BuildAssembler : warning : ResolveReferenceLinksComponent: [T:RDotNet.REngine] Unknown reference link target &#39;M:DynamicInterop.UnmanagedDll.GetIntPtr(System.String)&#39;. [C:\Users\Realignist\Desktop\고니\Help\Working\BuildTopics.proj]
BuildAssembler : warning : ResolveReferenceLinksComponent: [T:RDotNet.REngine] Unknown reference link target &#39;T:DynamicInterop.UnmanagedDll&#39;. [C:\Users\Realignist\Desktop\고니\Help\Working\BuildTopics.proj]
BuildAssembler : warning : ResolveReferenceLinksComponent: [T:RDotNet.REngine] Unknown reference link target &#39;M:DynamicInterop.UnmanagedDll.WriteByte(System.String,System.Byte)&#39;. [C:\Users\Realignist\Desktop\고니\Help\Working\BuildTopics.proj]
BuildAssembler : warning : ResolveReferenceLinksComponent: [T:RDotNet.REngine] Unknown reference link target &#39;T:DynamicInterop.UnmanagedDll&#39;. [C:\Users\Realignist\Desktop\고니\Help\Working\BuildTopics.proj]
BuildAssembler : warning : ResolveReferenceLinksComponent: [T:RDotNet.REngine] Unknown reference link target &#39;M:DynamicInterop.UnmanagedDll.WriteInt32(System.String,System.Int32)&#39;. [C:\Users\Realignist\Desktop\고니\Help\Working\BuildTopics.proj]
BuildAssembler : warning : ResolveReferenceLinksComponent: [T:RDotNet.REngine] Unknown reference link target &#39;T:DynamicInterop.UnmanagedDll&#39;. [C:\Users\Realignist\Desktop\고니\Help\Working\BuildTopics.proj]
BuildAssembler : warning : ResolveReferenceLinksComponent: [T:RDotNet.REngine] Unknown reference link target &#39;M:DynamicInterop.UnmanagedDll.WriteInt64(System.String,System.Int64)&#39;. [C:\Users\Realignist\Desktop\고니\Help\Working\BuildTopics.proj]
BuildAssembler : warning : ResolveReferenceLinksComponent: [T:RDotNet.REngine] Unknown reference link target &#39;T:DynamicInterop.UnmanagedDll&#39;. [C:\Users\Realignist\Desktop\고니\Help\Working\BuildTopics.proj]
BuildAssembler : warning : ResolveReferenceLinksComponent: [T:RDotNet.REngine] Unknown reference link target &#39;M:DynamicInterop.UnmanagedDll.WriteIntPtr(System.String,System.IntPtr)&#39;. [C:\Users\Realignist\Desktop\고니\Help\Working\BuildTopics.proj]
BuildAssembler : warning : ResolveReferenceLinksComponent: [T:RDotNet.REngine] Unknown reference link target &#39;T:DynamicInterop.UnmanagedDll&#39;. [C:\Users\Realignist\Desktop\고니\Help\Working\BuildTopics.proj]
BuildAssembler : warning : ResolveReferenceLinksComponent: [Methods.T:RDotNet.REngine] Unknown reference link target &#39;M:DynamicInterop.UnmanagedDll.DangerousGetHandle(System.String)&#39;. [C:\Users\Realignist\Desktop\고니\Help\Working\BuildTopics.proj]
BuildAssembler : warning : ResolveReferenceLinksComponent: [Methods.T:RDotNet.REngine] Unknown reference link target &#39;T:DynamicInterop.UnmanagedDll&#39;. [C:\Users\Realignist\Desktop\고니\Help\Working\BuildTopics.proj]
BuildAssembler : warning : ResolveReferenceLinksComponent: [Methods.T:RDotNet.REngine] Unknown reference link target &#39;M:DynamicInterop.UnmanagedDll.Dispose&#39;. [C:\Users\Realignist\Desktop\고니\Help\Working\BuildTopics.proj]
BuildAssembler : warning : ResolveReferenceLinksComponent: [Methods.T:RDotNet.REngine] Unknown reference link target &#39;T:DynamicInterop.UnmanagedDll&#39;. [C:\Users\Realignist\Desktop\고니\Help\Working\BuildTopics.proj]
BuildAssembler : warning : ResolveReferenceLinksComponent: [Methods.T:RDotNet.REngine] Unknown reference link target &#39;M:DynamicInterop.UnmanagedDll.Dispose(System.Boolean)&#39;. [C:\Users\Realignist\Desktop\고니\Help\Working\BuildTopics.proj]
BuildAssembler : warning : ResolveReferenceLinksComponent: [Methods.T:RDotNet.REngine] Unknown reference link target &#39;M:DynamicInterop.UnmanagedDll.GetAnsiString(System.String)&#39;. [C:\Users\Realignist\Desktop\고니\Help\Working\BuildTopics.proj]
BuildAssembler : warning : ResolveReferenceLinksComponent: [Methods.T:RDotNet.REngine] Unknown reference link target &#39;T:DynamicInterop.UnmanagedDll&#39;. [C:\Users\Realignist\Desktop\고니\Help\Working\BuildTopics.proj]
BuildAssembler : warning : ResolveReferenceLinksComponent: [Methods.T:RDotNet.REngine] Unknown reference link target &#39;M:DynamicInterop.UnmanagedDll.GetByte(System.String)&#39;. [C:\Users\Realignist\Desktop\고니\Help\Working\BuildTopics.proj]
BuildAssembler : warning : ResolveReferenceLinksComponent: [Methods.T:RDotNet.REngine] Unknown reference link target &#39;T:DynamicInterop.UnmanagedDll&#39;. [C:\Users\Realignist\Desktop\고니\Help\Working\BuildTopics.proj]
BuildAssembler : warning : ResolveReferenceLinksComponent: [Methods.T:RDotNet.REngine] Unknown reference link target &#39;M:DynamicInterop.UnmanagedDll.GetFunction``1&#39;. [C:\Users\Realignist\Desktop\고니\Help\Working\BuildTopics.proj]
BuildAssembler : warning : ResolveReferenceLinksComponent: [Methods.T:RDotNet.REngine] Unknown reference link target &#39;T:DynamicInterop.UnmanagedDll&#39;. [C:\Users\Realignist\Desktop\고니\Help\Working\BuildTopics.proj]
BuildAssembler : warning : ResolveReferenceLinksComponent: [Methods.T:RDotNet.REngine] Unknown reference link target &#39;M:DynamicInterop.UnmanagedDll.GetFunction``1(System.String)&#39;. [C:\Users\Realignist\Desktop\고니\Help\Working\BuildTopics.proj]
BuildAssembler : warning : ResolveReferenceLinksComponent: [Methods.T:RDotNet.REngine] Unknown reference link target &#39;T:DynamicInterop.UnmanagedDll&#39;. [C:\Users\Realignist\Desktop\고니\Help\Working\BuildTopics.proj]
BuildAssembler : warning : ResolveReferenceLinksComponent: [Methods.T:RDotNet.REngine] Unknown reference link target &#39;M:DynamicInterop.UnmanagedDll.GetFunctionAddress(System.String)&#39;. [C:\Users\Realignist\Desktop\고니\Help\Working\BuildTopics.proj]
BuildAssembler : warning : ResolveReferenceLinksComponent: [Methods.T:RDotNet.REngine] Unknown reference link target &#39;T:DynamicInterop.UnmanagedDll&#39;. [C:\Users\Realignist\Desktop\고니\Help\Working\BuildTopics.proj]
BuildAssembler : warning : ResolveReferenceLinksComponent: [Methods.T:RDotNet.REngine] Unknown reference link target &#39;M:DynamicInterop.UnmanagedDll.GetInt32(System.String)&#39;. [C:\Users\Realignist\Desktop\고니\Help\Working\BuildTopics.proj]
BuildAssembler : warning : ResolveReferenceLinksComponent: [Methods.T:RDotNet.REngine] Unknown reference link target &#39;T:DynamicInterop.UnmanagedDll&#39;. [C:\Users\Realignist\Desktop\고니\Help\Working\BuildTopics.proj]
BuildAssembler : warning : ResolveReferenceLinksComponent: [Methods.T:RDotNet.REngine] Unknown reference link target &#39;M:DynamicInterop.UnmanagedDll.GetInt64(System.String)&#39;. [C:\Users\Realignist\Desktop\고니\Help\Working\BuildTopics.proj]
BuildAssembler : warning : ResolveReferenceLinksComponent: [Methods.T:RDotNet.REngine] Unknown reference link target &#39;T:DynamicInterop.UnmanagedDll&#39;. [C:\Users\Realignist\Desktop\고니\Help\Working\BuildTopics.proj]
BuildAssembler : warning : ResolveReferenceLinksComponent: [Methods.T:RDotNet.REngine] Unknown reference link target &#39;M:DynamicInterop.UnmanagedDll.GetIntPtr(System.String)&#39;. [C:\Users\Realignist\Desktop\고니\Help\Working\BuildTopics.proj]
BuildAssembler : warning : ResolveReferenceLinksComponent: [Methods.T:RDotNet.REngine] Unknown reference link target &#39;T:DynamicInterop.UnmanagedDll&#39;. [C:\Users\Realignist\Desktop\고니\Help\Working\BuildTopics.proj]
BuildAssembler : warning : ResolveReferenceLinksComponent: [Methods.T:RDotNet.REngine] Unknown reference link target &#39;M:DynamicInterop.UnmanagedDll.WriteByte(System.String,System.Byte)&#39;. [C:\Users\Realignist\Desktop\고니\Help\Working\BuildTopics.proj]
BuildAssembler : warning : ResolveReferenceLinksComponent: [Methods.T:RDotNet.REngine] Unknown reference link target &#39;T:DynamicInterop.UnmanagedDll&#39;. [C:\Users\Realignist\Desktop\고니\Help\Working\BuildTopics.proj]
BuildAssembler : warning : ResolveReferenceLinksComponent: [Methods.T:RDotNet.REngine] Unknown reference link target &#39;M:DynamicInterop.UnmanagedDll.WriteInt32(System.String,System.Int32)&#39;. [C:\Users\Realignist\Desktop\고니\Help\Working\BuildTopics.proj]
BuildAssembler : warning : ResolveReferenceLinksComponent: [Methods.T:RDotNet.REngine] Unknown reference link target &#39;T:DynamicInterop.UnmanagedDll&#39;. [C:\Users\Realignist\Desktop\고니\Help\Working\BuildTopics.proj]
BuildAssembler : warning : ResolveReferenceLinksComponent: [Methods.T:RDotNet.REngine] Unknown reference link target &#39;M:DynamicInterop.UnmanagedDll.WriteInt64(System.String,System.Int64)&#39;. [C:\Users\Realignist\Desktop\고니\Help\Working\BuildTopics.proj]
BuildAssembler : warning : ResolveReferenceLinksComponent: [Methods.T:RDotNet.REngine] Unknown reference link target &#39;T:DynamicInterop.UnmanagedDll&#39;. [C:\Users\Realignist\Desktop\고니\Help\Working\BuildTopics.proj]
BuildAssembler : warning : ResolveReferenceLinksComponent: [Methods.T:RDotNet.REngine] Unknown reference link target &#39;M:DynamicInterop.UnmanagedDll.WriteIntPtr(System.String,System.IntPtr)&#39;. [C:\Users\Realignist\Desktop\고니\Help\Working\BuildTopics.proj]
BuildAssembler : warning : ResolveReferenceLinksComponent: [Methods.T:RDotNet.REngine] Unknown reference link target &#39;T:DynamicInterop.UnmanagedDll&#39;. [C:\Users\Realignist\Desktop\고니\Help\Working\BuildTopics.proj]
BuildAssembler : warning : ResolveReferenceLinksComponent: [Properties.T:RDotNet.REngine] Unknown reference link target &#39;P:DynamicInterop.UnmanagedDll.Filename&#39;. [C:\Users\Realignist\Desktop\고니\Help\Working\BuildTopics.proj]
BuildAssembler : warning : ResolveReferenceLinksComponent: [Properties.T:RDotNet.REngine] Unknown reference link target &#39;T:DynamicInterop.UnmanagedDll&#39;. [C:\Users\Realignist\Desktop\고니\Help\Working\BuildTopics.proj]
BuildAssembler : warning : ResolveReferenceLinksComponent: [Overload:RDotNet.REngine.Dispose] Unknown reference link target &#39;M:DynamicInterop.UnmanagedDll.Dispose&#39;. [C:\Users\Realignist\Desktop\고니\Help\Working\BuildTopics.proj]
BuildAssembler : warning : ResolveReferenceLinksComponent: [Overload:RDotNet.REngine.Dispose] Unknown reference link target &#39;T:DynamicInterop.UnmanagedDll&#39;. [C:\Users\Realignist\Desktop\고니\Help\Working\BuildTopics.proj]
BuildAssembler : warning : ResolveReferenceLinksComponent: [Overload:RDotNet.REngine.Dispose] Unknown reference link target &#39;M:DynamicInterop.UnmanagedDll.Dispose(System.Boolean)&#39;. [C:\Users\Realignist\Desktop\고니\Help\Working\BuildTopics.proj]
  Processed 725 topic(s)
  66 warning(s)
  CopyFromIndexComponent: &quot;reflection&quot; in-memory cache entries used: 11 of 15.
  CopyFromIndexComponent: &quot;comments&quot; in-memory cache entries used: 3 of 30.
  SaveComponent: Waiting for the document writer task to finish (97 Website API file(s) remaining)...
&quot;C:\Users\Realignist\Desktop\고니\Help\Working\BuildTopics.proj&quot; 프로젝트를 빌드했습니다(기본 대상).

빌드했습니다.

경과 시간: 00:00:08.73
    Last step completed in 00:00:09.1034
</buildStep>
<buildStep step="CombiningIntermediateTocFiles">
Combining conceptual and API intermediate TOC files...
    Last step completed in 00:00:00.0040
</buildStep>
<buildStep step="ExtractingHtmlInfo">
Extracting HTML info for HTML Help 1 and/or website...
[C:\Program Files (x86)\MSBuild\14.0\bin\amd64\MSBuild.exe - ExtractHtmlInfo.proj]
Sandcastle Help File Builder and Tools, version 2017.5.15.0
Copyright ⓒ 2006-2017, Eric Woodruff, All Rights Reserved
E-Mail: Eric@EWoodruff.us

Using LCID &#39;1033&#39;, code page &#39;65001&#39;, encoding charset &#39;UTF-8&#39;.

Processing website files in C:\Users\Realignist\Desktop\고니\Help\Working\Output\Website
Processed 725 HTML files
Sorting keywords and generating See Also indices
Saving website keyword index to C:\Users\Realignist\Desktop\고니\Help\Working\WebKI.xml
Saving website table of contents to C:\Users\Realignist\Desktop\고니\Help\Working\WebTOC.xml
    Last step completed in 00:00:02.9967
</buildStep>
<buildStep step="CopyStandardHelpContent">
Copying standard help content...
C:\Program Files (x86)\EWSoftware\Sandcastle Help File Builder\PresentationStyles\VS2013\icons\AlertCaution.png -&gt; C:\Users\Realignist\Desktop\고니\Help\Working\Output\Website\icons\AlertCaution.png
C:\Program Files (x86)\EWSoftware\Sandcastle Help File Builder\PresentationStyles\VS2013\icons\AlertNote.png -&gt; C:\Users\Realignist\Desktop\고니\Help\Working\Output\Website\icons\AlertNote.png
C:\Program Files (x86)\EWSoftware\Sandcastle Help File Builder\PresentationStyles\VS2013\icons\AlertSecurity.png -&gt; C:\Users\Realignist\Desktop\고니\Help\Working\Output\Website\icons\AlertSecurity.png
C:\Program Files (x86)\EWSoftware\Sandcastle Help File Builder\PresentationStyles\VS2013\icons\CFW.gif -&gt; C:\Users\Realignist\Desktop\고니\Help\Working\Output\Website\icons\CFW.gif
C:\Program Files (x86)\EWSoftware\Sandcastle Help File Builder\PresentationStyles\VS2013\icons\CodeExample.png -&gt; C:\Users\Realignist\Desktop\고니\Help\Working\Output\Website\icons\CodeExample.png
C:\Program Files (x86)\EWSoftware\Sandcastle Help File Builder\PresentationStyles\VS2013\icons\favicon.ico -&gt; C:\Users\Realignist\Desktop\고니\Help\Working\Output\Website\icons\favicon.ico
C:\Program Files (x86)\EWSoftware\Sandcastle Help File Builder\PresentationStyles\VS2013\icons\privclass.gif -&gt; C:\Users\Realignist\Desktop\고니\Help\Working\Output\Website\icons\privclass.gif
C:\Program Files (x86)\EWSoftware\Sandcastle Help File Builder\PresentationStyles\VS2013\icons\privdelegate.gif -&gt; C:\Users\Realignist\Desktop\고니\Help\Working\Output\Website\icons\privdelegate.gif
C:\Program Files (x86)\EWSoftware\Sandcastle Help File Builder\PresentationStyles\VS2013\icons\privenumeration.gif -&gt; C:\Users\Realignist\Desktop\고니\Help\Working\Output\Website\icons\privenumeration.gif
C:\Program Files (x86)\EWSoftware\Sandcastle Help File Builder\PresentationStyles\VS2013\icons\privevent.gif -&gt; C:\Users\Realignist\Desktop\고니\Help\Working\Output\Website\icons\privevent.gif
C:\Program Files (x86)\EWSoftware\Sandcastle Help File Builder\PresentationStyles\VS2013\icons\privextension.gif -&gt; C:\Users\Realignist\Desktop\고니\Help\Working\Output\Website\icons\privextension.gif
C:\Program Files (x86)\EWSoftware\Sandcastle Help File Builder\PresentationStyles\VS2013\icons\privfield.gif -&gt; C:\Users\Realignist\Desktop\고니\Help\Working\Output\Website\icons\privfield.gif
C:\Program Files (x86)\EWSoftware\Sandcastle Help File Builder\PresentationStyles\VS2013\icons\privinterface.gif -&gt; C:\Users\Realignist\Desktop\고니\Help\Working\Output\Website\icons\privinterface.gif
C:\Program Files (x86)\EWSoftware\Sandcastle Help File Builder\PresentationStyles\VS2013\icons\privmethod.gif -&gt; C:\Users\Realignist\Desktop\고니\Help\Working\Output\Website\icons\privmethod.gif
C:\Program Files (x86)\EWSoftware\Sandcastle Help File Builder\PresentationStyles\VS2013\icons\privproperty.gif -&gt; C:\Users\Realignist\Desktop\고니\Help\Working\Output\Website\icons\privproperty.gif
C:\Program Files (x86)\EWSoftware\Sandcastle Help File Builder\PresentationStyles\VS2013\icons\privstructure.gif -&gt; C:\Users\Realignist\Desktop\고니\Help\Working\Output\Website\icons\privstructure.gif
C:\Program Files (x86)\EWSoftware\Sandcastle Help File Builder\PresentationStyles\VS2013\icons\protclass.gif -&gt; C:\Users\Realignist\Desktop\고니\Help\Working\Output\Website\icons\protclass.gif
C:\Program Files (x86)\EWSoftware\Sandcastle Help File Builder\PresentationStyles\VS2013\icons\protdelegate.gif -&gt; C:\Users\Realignist\Desktop\고니\Help\Working\Output\Website\icons\protdelegate.gif
C:\Program Files (x86)\EWSoftware\Sandcastle Help File Builder\PresentationStyles\VS2013\icons\protenumeration.gif -&gt; C:\Users\Realignist\Desktop\고니\Help\Working\Output\Website\icons\protenumeration.gif
C:\Program Files (x86)\EWSoftware\Sandcastle Help File Builder\PresentationStyles\VS2013\icons\protevent.gif -&gt; C:\Users\Realignist\Desktop\고니\Help\Working\Output\Website\icons\protevent.gif
C:\Program Files (x86)\EWSoftware\Sandcastle Help File Builder\PresentationStyles\VS2013\icons\protextension.gif -&gt; C:\Users\Realignist\Desktop\고니\Help\Working\Output\Website\icons\protextension.gif
C:\Program Files (x86)\EWSoftware\Sandcastle Help File Builder\PresentationStyles\VS2013\icons\protfield.gif -&gt; C:\Users\Realignist\Desktop\고니\Help\Working\Output\Website\icons\protfield.gif
C:\Program Files (x86)\EWSoftware\Sandcastle Help File Builder\PresentationStyles\VS2013\icons\protinterface.gif -&gt; C:\Users\Realignist\Desktop\고니\Help\Working\Output\Website\icons\protinterface.gif
C:\Program Files (x86)\EWSoftware\Sandcastle Help File Builder\PresentationStyles\VS2013\icons\protmethod.gif -&gt; C:\Users\Realignist\Desktop\고니\Help\Working\Output\Website\icons\protmethod.gif
C:\Program Files (x86)\EWSoftware\Sandcastle Help File Builder\PresentationStyles\VS2013\icons\protoperator.gif -&gt; C:\Users\Realignist\Desktop\고니\Help\Working\Output\Website\icons\protoperator.gif
C:\Program Files (x86)\EWSoftware\Sandcastle Help File Builder\PresentationStyles\VS2013\icons\protproperty.gif -&gt; C:\Users\Realignist\Desktop\고니\Help\Working\Output\Website\icons\protproperty.gif
C:\Program Files (x86)\EWSoftware\Sandcastle Help File Builder\PresentationStyles\VS2013\icons\protstructure.gif -&gt; C:\Users\Realignist\Desktop\고니\Help\Working\Output\Website\icons\protstructure.gif
C:\Program Files (x86)\EWSoftware\Sandcastle Help File Builder\PresentationStyles\VS2013\icons\pubclass.gif -&gt; C:\Users\Realignist\Desktop\고니\Help\Working\Output\Website\icons\pubclass.gif
C:\Program Files (x86)\EWSoftware\Sandcastle Help File Builder\PresentationStyles\VS2013\icons\pubdelegate.gif -&gt; C:\Users\Realignist\Desktop\고니\Help\Working\Output\Website\icons\pubdelegate.gif
C:\Program Files (x86)\EWSoftware\Sandcastle Help File Builder\PresentationStyles\VS2013\icons\pubenumeration.gif -&gt; C:\Users\Realignist\Desktop\고니\Help\Working\Output\Website\icons\pubenumeration.gif
C:\Program Files (x86)\EWSoftware\Sandcastle Help File Builder\PresentationStyles\VS2013\icons\pubevent.gif -&gt; C:\Users\Realignist\Desktop\고니\Help\Working\Output\Website\icons\pubevent.gif
C:\Program Files (x86)\EWSoftware\Sandcastle Help File Builder\PresentationStyles\VS2013\icons\pubextension.gif -&gt; C:\Users\Realignist\Desktop\고니\Help\Working\Output\Website\icons\pubextension.gif
C:\Program Files (x86)\EWSoftware\Sandcastle Help File Builder\PresentationStyles\VS2013\icons\pubfield.gif -&gt; C:\Users\Realignist\Desktop\고니\Help\Working\Output\Website\icons\pubfield.gif
C:\Program Files (x86)\EWSoftware\Sandcastle Help File Builder\PresentationStyles\VS2013\icons\pubinterface.gif -&gt; C:\Users\Realignist\Desktop\고니\Help\Working\Output\Website\icons\pubinterface.gif
C:\Program Files (x86)\EWSoftware\Sandcastle Help File Builder\PresentationStyles\VS2013\icons\pubmethod.gif -&gt; C:\Users\Realignist\Desktop\고니\Help\Working\Output\Website\icons\pubmethod.gif
C:\Program Files (x86)\EWSoftware\Sandcastle Help File Builder\PresentationStyles\VS2013\icons\puboperator.gif -&gt; C:\Users\Realignist\Desktop\고니\Help\Working\Output\Website\icons\puboperator.gif
C:\Program Files (x86)\EWSoftware\Sandcastle Help File Builder\PresentationStyles\VS2013\icons\pubproperty.gif -&gt; C:\Users\Realignist\Desktop\고니\Help\Working\Output\Website\icons\pubproperty.gif
C:\Program Files (x86)\EWSoftware\Sandcastle Help File Builder\PresentationStyles\VS2013\icons\pubstructure.gif -&gt; C:\Users\Realignist\Desktop\고니\Help\Working\Output\Website\icons\pubstructure.gif
C:\Program Files (x86)\EWSoftware\Sandcastle Help File Builder\PresentationStyles\VS2013\icons\SectionCollapsed.png -&gt; C:\Users\Realignist\Desktop\고니\Help\Working\Output\Website\icons\SectionCollapsed.png
C:\Program Files (x86)\EWSoftware\Sandcastle Help File Builder\PresentationStyles\VS2013\icons\SectionExpanded.png -&gt; C:\Users\Realignist\Desktop\고니\Help\Working\Output\Website\icons\SectionExpanded.png
C:\Program Files (x86)\EWSoftware\Sandcastle Help File Builder\PresentationStyles\VS2013\icons\slMobile.gif -&gt; C:\Users\Realignist\Desktop\고니\Help\Working\Output\Website\icons\slMobile.gif
C:\Program Files (x86)\EWSoftware\Sandcastle Help File Builder\PresentationStyles\VS2013\icons\static.gif -&gt; C:\Users\Realignist\Desktop\고니\Help\Working\Output\Website\icons\static.gif
C:\Program Files (x86)\EWSoftware\Sandcastle Help File Builder\PresentationStyles\VS2013\icons\xna.gif -&gt; C:\Users\Realignist\Desktop\고니\Help\Working\Output\Website\icons\xna.gif
C:\Program Files (x86)\EWSoftware\Sandcastle Help File Builder\PresentationStyles\VS2013\scripts\branding.js -&gt; C:\Users\Realignist\Desktop\고니\Help\Working\Output\Website\scripts\branding.js
C:\Program Files (x86)\EWSoftware\Sandcastle Help File Builder\PresentationStyles\VS2013\styles\branding-cs-CZ.css -&gt; C:\Users\Realignist\Desktop\고니\Help\Working\Output\Website\styles\branding-cs-CZ.css
C:\Program Files (x86)\EWSoftware\Sandcastle Help File Builder\PresentationStyles\VS2013\styles\branding-de-DE.css -&gt; C:\Users\Realignist\Desktop\고니\Help\Working\Output\Website\styles\branding-de-DE.css
C:\Program Files (x86)\EWSoftware\Sandcastle Help File Builder\PresentationStyles\VS2013\styles\branding-en-US.css -&gt; C:\Users\Realignist\Desktop\고니\Help\Working\Output\Website\styles\branding-en-US.css
C:\Program Files (x86)\EWSoftware\Sandcastle Help File Builder\PresentationStyles\VS2013\styles\branding-es-ES.css -&gt; C:\Users\Realignist\Desktop\고니\Help\Working\Output\Website\styles\branding-es-ES.css
C:\Program Files (x86)\EWSoftware\Sandcastle Help File Builder\PresentationStyles\VS2013\styles\branding-fr-FR.css -&gt; C:\Users\Realignist\Desktop\고니\Help\Working\Output\Website\styles\branding-fr-FR.css
C:\Program Files (x86)\EWSoftware\Sandcastle Help File Builder\PresentationStyles\VS2013\styles\branding-Help1.css -&gt; C:\Users\Realignist\Desktop\고니\Help\Working\Output\Website\styles\branding-Help1.css
C:\Program Files (x86)\EWSoftware\Sandcastle Help File Builder\PresentationStyles\VS2013\styles\branding-HelpViewer.css -&gt; C:\Users\Realignist\Desktop\고니\Help\Working\Output\Website\styles\branding-HelpViewer.css
C:\Program Files (x86)\EWSoftware\Sandcastle Help File Builder\PresentationStyles\VS2013\styles\branding-it-IT.css -&gt; C:\Users\Realignist\Desktop\고니\Help\Working\Output\Website\styles\branding-it-IT.css
C:\Program Files (x86)\EWSoftware\Sandcastle Help File Builder\PresentationStyles\VS2013\styles\branding-ja-JP.css -&gt; C:\Users\Realignist\Desktop\고니\Help\Working\Output\Website\styles\branding-ja-JP.css
C:\Program Files (x86)\EWSoftware\Sandcastle Help File Builder\PresentationStyles\VS2013\styles\branding-ko-KR.css -&gt; C:\Users\Realignist\Desktop\고니\Help\Working\Output\Website\styles\branding-ko-KR.css
C:\Program Files (x86)\EWSoftware\Sandcastle Help File Builder\PresentationStyles\VS2013\styles\branding-pl-PL.css -&gt; C:\Users\Realignist\Desktop\고니\Help\Working\Output\Website\styles\branding-pl-PL.css
C:\Program Files (x86)\EWSoftware\Sandcastle Help File Builder\PresentationStyles\VS2013\styles\branding-pt-BR.css -&gt; C:\Users\Realignist\Desktop\고니\Help\Working\Output\Website\styles\branding-pt-BR.css
C:\Program Files (x86)\EWSoftware\Sandcastle Help File Builder\PresentationStyles\VS2013\styles\branding-ru-RU.css -&gt; C:\Users\Realignist\Desktop\고니\Help\Working\Output\Website\styles\branding-ru-RU.css
C:\Program Files (x86)\EWSoftware\Sandcastle Help File Builder\PresentationStyles\VS2013\styles\branding-tr-TR.css -&gt; C:\Users\Realignist\Desktop\고니\Help\Working\Output\Website\styles\branding-tr-TR.css
C:\Program Files (x86)\EWSoftware\Sandcastle Help File Builder\PresentationStyles\VS2013\styles\branding-Website.css -&gt; C:\Users\Realignist\Desktop\고니\Help\Working\Output\Website\styles\branding-Website.css
C:\Program Files (x86)\EWSoftware\Sandcastle Help File Builder\PresentationStyles\VS2013\styles\branding-zh-CN.css -&gt; C:\Users\Realignist\Desktop\고니\Help\Working\Output\Website\styles\branding-zh-CN.css
C:\Program Files (x86)\EWSoftware\Sandcastle Help File Builder\PresentationStyles\VS2013\styles\branding-zh-TW.css -&gt; C:\Users\Realignist\Desktop\고니\Help\Working\Output\Website\styles\branding-zh-TW.css
C:\Program Files (x86)\EWSoftware\Sandcastle Help File Builder\PresentationStyles\VS2013\styles\branding.css -&gt; C:\Users\Realignist\Desktop\고니\Help\Working\Output\Website\styles\branding.css
C:\Program Files (x86)\EWSoftware\Sandcastle Help File Builder\PresentationStyles\VS2013\Web\index.html -&gt; C:\Users\Realignist\Desktop\고니\Help\Working\Output\Website\index.html
C:\Program Files (x86)\EWSoftware\Sandcastle Help File Builder\PresentationStyles\VS2013\Web\search.html -&gt; C:\Users\Realignist\Desktop\고니\Help\Working\Output\Website\search.html
C:\Program Files (x86)\EWSoftware\Sandcastle Help File Builder\PresentationStyles\VS2013\Web\SearchHelp.aspx -&gt; C:\Users\Realignist\Desktop\고니\Help\Working\Output\Website\SearchHelp.aspx
C:\Program Files (x86)\EWSoftware\Sandcastle Help File Builder\PresentationStyles\VS2013\Web\SearchHelp.inc.php -&gt; C:\Users\Realignist\Desktop\고니\Help\Working\Output\Website\SearchHelp.inc.php
C:\Program Files (x86)\EWSoftware\Sandcastle Help File Builder\PresentationStyles\VS2013\Web\SearchHelp.php -&gt; C:\Users\Realignist\Desktop\고니\Help\Working\Output\Website\SearchHelp.php
C:\Program Files (x86)\EWSoftware\Sandcastle Help File Builder\PresentationStyles\VS2013\Web\Web.Config -&gt; C:\Users\Realignist\Desktop\고니\Help\Working\Output\Website\Web.Config
C:\Program Files (x86)\EWSoftware\Sandcastle Help File Builder\PresentationStyles\VS2013\Web\html\GeneralError.htm -&gt; C:\Users\Realignist\Desktop\고니\Help\Working\Output\Website\html\GeneralError.htm
C:\Program Files (x86)\EWSoftware\Sandcastle Help File Builder\PresentationStyles\VS2013\Web\html\PageNotFound.htm -&gt; C:\Users\Realignist\Desktop\고니\Help\Working\Output\Website\html\PageNotFound.htm
C:\Program Files (x86)\EWSoftware\Sandcastle Help File Builder\PresentationStyles\VS2013\Web\icons\Search.png -&gt; C:\Users\Realignist\Desktop\고니\Help\Working\Output\Website\icons\Search.png
C:\Program Files (x86)\EWSoftware\Sandcastle Help File Builder\PresentationStyles\VS2013\Web\icons\TocClose.gif -&gt; C:\Users\Realignist\Desktop\고니\Help\Working\Output\Website\icons\TocClose.gif
C:\Program Files (x86)\EWSoftware\Sandcastle Help File Builder\PresentationStyles\VS2013\Web\icons\TocCollapsed.gif -&gt; C:\Users\Realignist\Desktop\고니\Help\Working\Output\Website\icons\TocCollapsed.gif
C:\Program Files (x86)\EWSoftware\Sandcastle Help File Builder\PresentationStyles\VS2013\Web\icons\TocExpanded.gif -&gt; C:\Users\Realignist\Desktop\고니\Help\Working\Output\Website\icons\TocExpanded.gif
C:\Program Files (x86)\EWSoftware\Sandcastle Help File Builder\PresentationStyles\VS2013\Web\icons\TocOpen.gif -&gt; C:\Users\Realignist\Desktop\고니\Help\Working\Output\Website\icons\TocOpen.gif
C:\Program Files (x86)\EWSoftware\Sandcastle Help File Builder\PresentationStyles\VS2013\Web\scripts\branding-Website.js -&gt; C:\Users\Realignist\Desktop\고니\Help\Working\Output\Website\scripts\branding-Website.js
C:\Program Files (x86)\EWSoftware\Sandcastle Help File Builder\PresentationStyles\VS2013\Web\scripts\clipboard.min.js -&gt; C:\Users\Realignist\Desktop\고니\Help\Working\Output\Website\scripts\clipboard.min.js
C:\Program Files (x86)\EWSoftware\Sandcastle Help File Builder\PresentationStyles\VS2013\Web\scripts\jquery-1.11.0.min.js -&gt; C:\Users\Realignist\Desktop\고니\Help\Working\Output\Website\scripts\jquery-1.11.0.min.js
    Last step completed in 00:00:00.1440
</buildStep>
<buildStep step="GenerateHelpFormatTableOfContents">
Generating website table of contents file...
    Last step completed in 00:00:00.0005
</buildStep>
<buildStep step="GenerateFullTextIndex">
Generating full-text index for the website...

<plugIn name="Lightweight Website Style" behavior="After" priority="1000">
Adding lightweight search and TOC elements to each topic...
</plugIn>    Last step completed in 00:00:02.5558
</buildStep>
<buildStep step="CopyingWebsiteFiles">
Copying website files to output folder...

Copied 500 files
Copied 1000 files
Copied 1037 files for the website content
    Last step completed in 00:00:06.5291
</buildStep>
<buildStep step="CleanIntermediates">
Removing intermediate files...
    Last step completed in 00:00:00.3683
</buildStep>
<buildStep step="Completed">

Build completed successfully at 2017-10-18 오후 5:35:07.  Total time: 00:00:28.0241

</buildStep>
</shfbBuild>
